200    5.581643e+05
400    2.695468e+04
600    6.719911e+03
800    1.506569e+03
1000    1.273007e+02
1200    7.291213e+01
1400    6.804212e+01
1600    6.703378e+01
1800    6.658717e+01
2000    6.574868e+01
2200    6.407500e+01
2400    5.741387e+01
2600    4.186489e+01
2800    1.719829e+01
3000    1.248364e+01
3200    1.193930e+01
3400    1.177679e+01
3600    1.155138e+01
3800    1.122497e+01
4000    1.103565e+01
4200    1.078028e+01
4400    1.050243e+01
4600    1.031956e+01
4800    1.000943e+01
5000    9.747813e+00
5200    9.467133e+00
5400    9.053603e+00
5600    8.624273e+00
5800    8.328640e+00
6000    8.011969e+00
6200    7.777026e+00
6400    7.362427e+00
6600    7.020623e+00
6800    6.605987e+00
7000    6.127783e+00
7200    5.676185e+00
7400    5.303952e+00
7600    5.017229e+00
7800    4.852583e+00
8000    4.588306e+00
8200    4.228079e+00
8400    4.068463e+00
8600    3.727497e+00
8800    3.443199e+00
9000    3.079030e+00
9200    2.827816e+00
9400    2.564300e+00
9600    2.367584e+00
9800    2.078474e+00
10000    1.896068e+00
10200    1.649330e+00
10400    1.593465e+00
10600    1.528220e+00
10800    1.338653e+00
11000    9.045945e-01
11200    7.091844e-01
11400    5.918696e-01
11600    5.344495e-01
11800    4.996508e-01
12000    4.557282e-01
12200    4.043581e-01
12400    3.314654e-01
12600    2.443655e-01
12800    2.078676e-01
13000    1.841696e-01
13200    1.656387e-01
13400    1.297880e-01
13600    8.294883e-02
13800    5.233671e-02
14000    4.030216e-02
14200    3.196454e-02
14400    2.823144e-02
14600    2.278495e-02
14800    1.663713e-02
15000    1.169346e-02
15200    6.177046e-03
15400    1.096196e-03
15600    5.128884e-05
15800    1.295307e-05
16000    4.106300e-06
16200    2.208446e-06
16400    1.787985e-06
16600    1.684657e-06
16800    1.659933e-06
17000    1.644768e-06
17200    1.630770e-06
17400    1.603897e-06
17600    1.489504e-06
17800    1.303824e-06
18000    8.641401e-07
18200    5.668013e-07
18400    1.330191e-07
18600    6.176861e-08
18800    1.404757e-08
19000    2.102694e-09
19200    5.568911e-10
19400    1.481791e-10
19600    1.329823e-11
19800    1.326927e-12
20000    2.301606e-13
20200    1.171567e-13
20400    9.869169e-14
20600    9.772831e-14
20800    9.695732e-14
21000    9.543066e-14
21200    9.142800e-14
21400    8.033554e-14
21600    6.485776e-14
21800    4.113019e-14
22000    2.439753e-14
22200    1.315420e-14
22400    8.017108e-15
22600    3.581002e-15
22800    2.422359e-15
23000    1.925279e-15
23200    1.480450e-15
23400    1.191053e-15
23600    8.129141e-16
23800    5.423058e-16
24000    2.665772e-16
24200    7.203074e-17
24400    1.050174e-17
24600    4.978834e-18
24800    3.314571e-18
25000    1.730689e-18
25200    7.885651e-19
25400    2.398408e-19
25600    1.002246e-19
25800    7.103030e-20
26000    6.387081e-20
26200    5.692619e-20
26400    5.395716e-20
26600    5.210028e-20
26800    5.047785e-20
27000    4.729557e-20
27200    4.279284e-20
27400    3.903471e-20
27600    3.728893e-20
27800    3.494896e-20
28000    3.340385e-20
28200    3.133768e-20
28400    2.922600e-20
28600    2.525889e-20
28800    2.047427e-20
29000    1.683747e-20
29200    1.451157e-20
29400    1.192718e-20
29500    9.978651e-21

200    6.974124e+04
400    2.044809e+03
600    4.786127e+02
800    8.082974e+01
1000    6.142788e+01
1200    4.226554e+01
1400    2.723366e+01
1600    1.921769e+01
1800    1.863932e+01
2000    1.858055e+01
2200    1.847071e+01
2400    1.822155e+01
2600    1.782436e+01
2800    1.737823e+01
3000    1.674704e+01
3200    1.627637e+01
3400    1.585186e+01
3600    1.551578e+01
3800    1.524911e+01
4000    1.475105e+01
4200    1.426639e+01
4400    1.379719e+01
4600    1.345355e+01
4800    1.309184e+01
5000    1.273813e+01
5200    1.251552e+01
5400    1.233371e+01
5600    1.213588e+01
5800    1.184042e+01
6000    1.153791e+01
6200    1.099584e+01
6400    1.057276e+01
6600    1.039952e+01
6800    1.024992e+01
7000    1.002595e+01
7200    9.697943e+00
7400    9.455326e+00
7600    9.148883e+00
7800    8.725944e+00
8000    8.363898e+00
8200    7.987697e+00
8400    7.762469e+00
8600    7.487557e+00
8800    7.311705e+00
9000    7.031139e+00
9200    6.680110e+00
9400    6.356177e+00
9600    6.108625e+00
9800    5.838595e+00
10000    5.577110e+00
10200    5.205903e+00
10400    4.970075e+00
10600    4.845820e+00
10800    4.756408e+00
11000    4.699063e+00
11200    4.668525e+00
11400    4.612615e+00
11600    4.531131e+00
11800    4.431006e+00
12000    4.378709e+00
12200    4.299844e+00
12400    4.177632e+00
12600    4.108061e+00
12800    4.063143e+00
13000    4.029796e+00
13200    4.006573e+00
13400    4.001194e+00
13600    3.996723e+00
13800    3.994219e+00
14000    3.991594e+00
14200    3.989167e+00
14400    3.986946e+00
14600    3.986702e+00
14800    3.986655e+00
15000    3.986643e+00
15200    3.986641e+00
15400    3.986640e+00
15600    3.986638e+00
15800    3.986636e+00
16000    3.986635e+00
16200    3.986634e+00
16400    3.986633e+00
16600    3.986631e+00
16800    3.986629e+00
17000    3.986626e+00
17200    3.986625e+00
17400    3.986625e+00
17600    3.986625e+00
17800    3.986625e+00
18000    3.986625e+00
18200    3.986625e+00
18400    3.986624e+00
18600    3.986624e+00
18800    3.986624e+00
19000    3.986624e+00
19200    3.986624e+00
19400    3.986624e+00
19600    3.986624e+00
19800    3.986624e+00
20000    3.986624e+00
20200    3.986624e+00
20400    3.986624e+00
20600    3.986624e+00
20800    3.986624e+00
21000    3.986624e+00
21200    3.986624e+00
21400    3.986624e+00
21600    3.986624e+00
21800    3.986624e+00
22000    3.986624e+00
22200    3.986624e+00
22400    3.986624e+00
22600    3.986624e+00
22800    3.986624e+00
23000    3.986624e+00
23200    3.986624e+00
23400    3.986624e+00
23600    3.986624e+00
23800    3.986624e+00
24000    3.986624e+00
24200    3.986624e+00
24400    3.986624e+00
24600    3.986624e+00
24800    3.986624e+00
25000    3.986624e+00
25200    3.986624e+00
25400    3.986624e+00
25600    3.986624e+00
25800    3.986624e+00
26000    3.986624e+00
26200    3.986624e+00
26400    3.986624e+00
26600    3.986624e+00

200    5.023240e+04
400    5.810830e+02
600    1.920661e+02
800    1.453440e+02
1000    9.767839e+01
1200    7.872857e+01
1400    7.530596e+01
1600    7.433802e+01
1800    7.415903e+01
2000    7.404880e+01
2200    7.385713e+01
2400    7.347102e+01
2600    7.311586e+01
2800    7.285638e+01
3000    7.276232e+01
3200    7.257127e+01
3400    7.224038e+01
3600    7.178703e+01
3800    7.127143e+01
4000    7.054224e+01
4200    7.001713e+01
4400    6.988431e+01
4600    6.967000e+01
4800    6.938369e+01
5000    6.899946e+01
5200    6.866403e+01
5400    6.834063e+01
5600    6.807581e+01
5800    6.791582e+01
6000    6.770502e+01
6200    6.691172e+01
6400    6.583429e+01
6600    6.317044e+01
6800    4.319014e+01
7000    1.411749e+01
7200    1.021374e+00
7400    1.905272e-01
7600    4.894387e-02
7800    4.056741e-02
8000    3.927196e-02
8200    3.887922e-02
8400    3.845213e-02
8600    3.789661e-02
8800    3.723723e-02
9000    3.585577e-02
9200    3.196733e-02
9400    2.393909e-02
9600    1.770269e-02
9800    1.403110e-02
10000    1.054697e-02
10200    7.637362e-03
10400    5.221450e-03
10600    3.147773e-03
10800    9.085504e-04
11000    4.533055e-04
11200    3.548583e-04
11400    2.999845e-04
11600    2.621326e-04
11800    2.177692e-04
12000    1.289694e-04
12200    5.484695e-05
12400    2.781165e-05
12600    1.008771e-05
12800    3.773191e-06
13000    1.379030e-06
13200    6.605275e-07
13400    2.030547e-07
13600    1.155687e-07
13800    9.014070e-08
14000    6.659631e-08
14200    1.949757e-08
14400    2.734705e-09
14600    4.285860e-10
14800    2.196792e-10
15000    1.623861e-10
15200    1.553268e-10
15400    1.506882e-10
15600    1.443340e-10
15800    1.336184e-10
16000    1.204595e-10
16200    9.224995e-11
16400    5.694311e-11
16600    1.202924e-11
16800    2.741929e-12
17000    1.440535e-12
17200    1.030608e-12
17400    9.534240e-13
17600    8.619537e-13
17800    6.950738e-13
18000    4.301959e-13
18200    1.724920e-13
18400    5.147330e-14
18600    2.725616e-14
18800    1.961588e-14
19000    1.605548e-14
19200    1.196462e-14
19400    7.885572e-15
19600    3.816016e-15
19800    2.152596e-15
20000    1.695633e-15
20200    1.409876e-15
20400    1.217131e-15
20600    8.552414e-16
20800    5.195685e-16
21000    2.874311e-16
21200    1.040289e-16
21400    2.043828e-17
21600    3.576848e-18
21800    8.260581e-19
22000    1.545164e-19
22200    3.451186e-20
22400    1.542738e-20
22600    1.216968e-20
22800    1.202475e-20
23000    1.193161e-20
23200    1.183135e-20
23400    1.171076e-20
23600    1.133581e-20
23800    1.075687e-20
23960    9.991506e-21

200    4.999076e+04
400    1.699438e+02
600    2.317701e+01
800    1.611162e+01
1000    1.535108e+01
1200    1.524757e+01
1400    1.511924e+01
1600    1.479600e+01
1800    1.443456e+01
2000    1.422085e+01
2200    1.385853e+01
2400    1.316220e+01
2600    1.273193e+01
2800    1.232540e+01
3000    1.177360e+01
3200    1.137303e+01
3400    1.110228e+01
3600    1.068432e+01
3800    9.970585e+00
4000    9.723100e+00
4200    9.465805e+00
4400    9.028815e+00
4600    8.624496e+00
4800    8.385010e+00
5000    8.164361e+00
5200    7.814297e+00
5400    7.473250e+00
5600    7.095677e+00
5800    6.657513e+00
6000    6.246293e+00
6200    5.977594e+00
6400    5.626734e+00
6600    5.288935e+00
6800    5.142849e+00
7000    4.935461e+00
7200    4.581941e+00
7400    4.110020e+00
7600    3.773680e+00
7800    3.451483e+00
8000    3.067297e+00
8200    2.580803e+00
8400    2.321605e+00
8600    2.032299e+00
8800    1.787035e+00
9000    1.663461e+00
9200    1.512505e+00
9400    1.230389e+00
9600    1.036449e+00
9800    8.907080e-01
10000    8.133649e-01
10200    7.177846e-01
10400    6.057154e-01
10600    5.007847e-01
10800    3.654785e-01
11000    3.130899e-01
11200    2.333234e-01
11400    1.415625e-01
11600    1.064995e-01
11800    8.702531e-02
12000    7.513294e-02
12200    6.489559e-02
12400    5.756349e-02
12600    4.573907e-02
12800    2.791962e-02
13000    1.118493e-02
13200    5.557701e-03
13400    4.076422e-03
13600    3.514136e-03
13800    3.075476e-03
14000    2.571672e-03
14200    1.936998e-03
14400    1.017343e-03
14600    5.397202e-04
14800    3.036365e-04
15000    1.601362e-04
15200    1.197036e-04
15400    9.938492e-05
15600    5.976260e-05
15800    2.884988e-05
16000    6.367590e-06
16200    1.299325e-06
16400    2.325624e-07
16600    5.329740e-08
16800    3.483757e-08
17000    3.220752e-08
17200    3.128413e-08
17400    2.999797e-08
17600    2.873537e-08
17800    2.725008e-08
18000    2.501002e-08
18200    2.234505e-08
18400    1.699405e-08
18600    9.772908e-09
18800    5.427703e-09
19000    1.862825e-09
19200    3.102744e-10
19400    6.797534e-11
19600    2.186872e-11
19800    1.184783e-11
20000    8.769314e-12
20200    8.271772e-12
20400    8.034566e-12
20600    7.976593e-12
20800    7.936508e-12
21000    7.841821e-12
21200    7.657913e-12
21400    7.205148e-12
21600    6.008486e-12
21800    3.340550e-12
22000    1.508652e-12
22200    9.388776e-13
22400    8.264096e-13
22600    7.178037e-13
22800    5.362538e-13
23000    3.283534e-13
23200    1.322549e-13
23400    4.288332e-14
23600    6.786229e-15
23800    2.526958e-15
24000    2.026063e-15
24200    1.850079e-15
24400    1.821521e-15
24600    1.808468e-15
24800    1.782492e-15
25000    1.710636e-15
25200    1.565711e-15
25400    1.297671e-15
25600    8.503933e-16
25800    4.028307e-16
26000    1.203683e-16
26200    2.740502e-17
26400    6.641976e-18
26600    2.601654e-18
26800    1.357332e-18
27000    1.163763e-18
27200    1.104195e-18
27400    1.087162e-18
27600    1.061554e-18
27800    1.001015e-18
28000    8.815784e-19
28200    6.691104e-19
28400    3.444316e-19
28600    1.196548e-19
28800    4.720789e-20
29000    1.561039e-20
29104    9.630170e-21

200    3.546611e+04
400    4.048214e+03
600    9.301773e+02
800    1.250716e+02
1000    3.054551e+01
1200    2.017527e+01
1400    1.923022e+01
1600    1.917946e+01
1800    1.910208e+01
2000    1.898550e+01
2200    1.866379e+01
2400    1.833018e+01
2600    1.800903e+01
2800    1.763932e+01
3000    1.719937e+01
3200    1.661533e+01
3400    1.615541e+01
3600    1.585550e+01
3800    1.548823e+01
4000    1.502711e+01
4200    1.471385e+01
4400    1.424679e+01
4600    1.367543e+01
4800    1.295909e+01
5000    1.226373e+01
5200    1.197357e+01
5400    1.174537e+01
5600    1.131061e+01
5800    1.097111e+01
6000    1.041998e+01
6200    9.879315e+00
6400    9.291791e+00
6600    8.955780e+00
6800    8.641720e+00
7000    8.273792e+00
7200    8.008167e+00
7400    7.822241e+00
7600    7.477760e+00
7800    7.103733e+00
8000    6.826035e+00
8200    6.498186e+00
8400    6.058417e+00
8600    5.734797e+00
8800    5.471409e+00
9000    5.339154e+00
9200    5.155730e+00
9400    4.874656e+00
9600    4.545625e+00
9800    4.288608e+00
10000    4.139005e+00
10200    4.012791e+00
10400    3.905401e+00
10600    3.730708e+00
10800    3.532576e+00
11000    3.334664e+00
11200    3.119407e+00
11400    2.855357e+00
11600    2.664252e+00
11800    2.350825e+00
12000    2.060514e+00
12200    1.773918e+00
12400    1.574781e+00
12600    1.240352e+00
12800    9.596253e-01
13000    8.171857e-01
13200    6.375131e-01
13400    5.376305e-01
13600    4.656457e-01
13800    3.862604e-01
14000    3.226671e-01
14200    2.086870e-01
14400    1.619391e-01
14600    1.488756e-01
14800    1.459160e-01
15000    1.429331e-01
15200    1.381696e-01
15400    1.274986e-01
15600    1.133678e-01
15800    9.877131e-02
16000    9.211927e-02
16200    8.813803e-02
16400    8.572934e-02
16600    8.284905e-02
16800    7.860997e-02
17000    7.206696e-02
17200    6.445566e-02
17400    5.672713e-02
17600    4.912701e-02
17800    4.225942e-02
18000    3.635335e-02
18200    2.898274e-02
18400    2.049673e-02
18600    9.084757e-03
18800    3.646275e-03
19000    1.628863e-03
19200    1.154867e-03
19400    1.061205e-03
19600    1.021433e-03
19800    9.957326e-04
20000    9.702826e-04
20200    9.354173e-04
20400    8.546142e-04
20600    8.113942e-04
20800    7.648811e-04
21000    7.019137e-04
21200    5.914324e-04
21400    4.454467e-04
21600    2.649375e-04
21800    6.851285e-05
22000    3.415512e-05
22200    2.193010e-05
22400    1.790987e-05
22600    1.585815e-05
22800    1.252286e-05
23000    6.654005e-06
23200    2.870545e-06
23400    5.005675e-07
23600    1.346521e-07
23800    1.518340e-08
24000    4.047666e-09
24200    5.162537e-10
24400    2.312938e-11
24600    2.043771e-12
24800    6.799844e-13
25000    3.816019e-13
25200    3.160663e-13
25400    3.055932e-13
25600    3.033615e-13
25800    3.011554e-13
26000    2.977888e-13
26200    2.935710e-13
26400    2.836545e-13
26600    2.625960e-13
26800    2.364027e-13
27000    2.070999e-13
27200    1.742442e-13
27400    1.325729e-13
27600    7.512972e-14
27800    1.911597e-14
28000    6.514541e-15
28200    9.504103e-16
28400    1.535497e-16
28600    5.581272e-17
28800    3.196859e-17
29000    2.990549e-17
29200    2.907932e-17
29400    2.811839e-17
29600    2.740573e-17
29800    2.657637e-17
30000    2.523146e-17
30200    2.284102e-17
30400    1.914662e-17
30600    1.215662e-17
30800    6.893813e-18
31000    1.683837e-18
31200    2.227194e-19
31400    2.652904e-20
31524    8.729630e-21

200    4.478678e+04
400    7.208453e+02
600    4.781518e+02
800    1.910182e+02
1000    3.413781e+01
1200    1.988791e+01
1400    1.939618e+01
1600    1.936445e+01
1800    1.930575e+01
2000    1.918167e+01
2200    1.901647e+01
2400    1.863251e+01
2600    1.830321e+01
2800    1.787863e+01
3000    1.732417e+01
3200    1.691329e+01
3400    1.658328e+01
3600    1.628659e+01
3800    1.605088e+01
4000    1.564645e+01
4200    1.517626e+01
4400    1.459157e+01
4600    1.414093e+01
4800    1.370963e+01
5000    1.323259e+01
5200    1.286301e+01
5400    1.237417e+01
5600    1.188580e+01
5800    1.149253e+01
6000    1.109004e+01
6200    1.082525e+01
6400    1.056731e+01
6600    1.023844e+01
6800    9.870956e+00
7000    9.583020e+00
7200    9.231738e+00
7400    9.098549e+00
7600    8.874888e+00
7800    8.525634e+00
8000    8.239533e+00
8200    7.937860e+00
8400    7.730447e+00
8600    7.572662e+00
8800    7.382210e+00
9000    7.293711e+00
9200    7.107143e+00
9400    6.831051e+00
9600    6.566369e+00
9800    6.379366e+00
10000    6.201099e+00
10200    5.989554e+00
10400    5.834816e+00
10600    5.576538e+00
10800    5.268309e+00
11000    5.043022e+00
11200    4.878379e+00
11400    4.659736e+00
11600    4.521302e+00
11800    4.415958e+00
12000    4.314336e+00
12200    4.236371e+00
12400    4.174138e+00
12600    4.117830e+00
12800    4.070727e+00
13000    4.045925e+00
13200    4.040246e+00
13400    4.037564e+00
13600    4.035341e+00
13800    4.031586e+00
14000    4.025938e+00
14200    4.014253e+00
14400    4.001761e+00
14600    3.995385e+00
14800    3.990921e+00
15000    3.987979e+00
15200    3.986801e+00
15400    3.986658e+00
15600    3.986637e+00
15800    3.986631e+00
16000    3.986627e+00
16200    3.986625e+00
16400    3.986624e+00
16600    3.986624e+00
16800    3.986624e+00
17000    3.986624e+00
17200    3.986624e+00
17400    3.986624e+00
17600    3.986624e+00
17800    3.986624e+00
18000    3.986624e+00
18200    3.986624e+00
18400    3.986624e+00
18600    3.986624e+00
18800    3.986624e+00
19000    3.986624e+00
19200    3.986624e+00
19400    3.986624e+00
19600    3.986624e+00
19800    3.986624e+00
20000    3.986624e+00
20200    3.986624e+00
20400    3.986624e+00
20600    3.986624e+00
20800    3.986624e+00
21000    3.986624e+00
21200    3.986624e+00
21400    3.986624e+00
21600    3.986624e+00
21800    3.986624e+00
22000    3.986624e+00
22200    3.986624e+00
22400    3.986624e+00
22600    3.986624e+00
22800    3.986624e+00
23000    3.986624e+00
23200    3.986624e+00
23400    3.986624e+00
23600    3.986624e+00
23800    3.986624e+00
24000    3.986624e+00
24200    3.986624e+00
24400    3.986624e+00
24600    3.986624e+00
24800    3.986624e+00
25000    3.986624e+00
25200    3.986624e+00
25400    3.986624e+00

200    1.629038e+05
400    3.859584e+03
600    1.754962e+02
800    6.096906e+01
1000    1.988548e+01
1200    1.788687e+01
1400    1.767002e+01
1600    1.751891e+01
1800    1.720551e+01
2000    1.682997e+01
2200    1.627366e+01
2400    1.562431e+01
2600    1.521299e+01
2800    1.495815e+01
3000    1.463922e+01
3200    1.404849e+01
3400    1.369387e+01
3600    1.334655e+01
3800    1.288287e+01
4000    1.236055e+01
4200    1.193882e+01
4400    1.160649e+01
4600    1.129005e+01
4800    1.091048e+01
5000    1.067974e+01
5200    1.018265e+01
5400    9.820829e+00
5600    9.465185e+00
5800    9.097433e+00
6000    8.628918e+00
6200    8.328536e+00
6400    7.975510e+00
6600    7.761269e+00
6800    7.543391e+00
7000    7.427559e+00
7200    7.247250e+00
7400    7.038537e+00
7600    6.717739e+00
7800    6.389021e+00
8000    6.033946e+00
8200    5.691533e+00
8400    5.353669e+00
8600    4.999131e+00
8800    4.778146e+00
9000    4.623150e+00
9200    4.437805e+00
9400    4.099496e+00
9600    3.713118e+00
9800    3.366811e+00
10000    3.017733e+00
10200    2.713252e+00
10400    2.380561e+00
10600    2.138966e+00
10800    1.872917e+00
11000    1.576879e+00
11200    1.364872e+00
11400    1.102248e+00
11600    8.536862e-01
11800    6.993985e-01
12000    6.207072e-01
12200    5.345754e-01
12400    4.269681e-01
12600    2.593528e-01
12800    1.631032e-01
13000    1.275263e-01
13200    1.078718e-01
13400    9.453755e-02
13600    6.906647e-02
13800    4.413467e-02
14000    2.392158e-02
14200    1.644916e-02
14400    1.156711e-02
14600    6.232077e-03
14800    3.381478e-03
15000    2.049144e-03
15200    7.160491e-04
15400    3.374681e-04
15600    1.574222e-04
15800    9.057234e-05
16000    7.865423e-05
16200    7.459780e-05
16400    6.676027e-05
16600    6.166336e-05
16800    5.649506e-05
17000    4.928009e-05
17200    3.695814e-05
17400    2.299764e-05
17600    1.155147e-05
17800    7.558842e-06
18000    4.753286e-06
18200    3.522776e-06
18400    3.032072e-06
18600    1.793455e-06
18800    8.495856e-07
19000    1.615745e-07
19200    5.354832e-08
19400    2.018324e-08
19600    1.676953e-08
19800    1.590426e-08
20000    1.538324e-08
20200    1.467881e-08
20400    1.348774e-08
20600    1.117976e-08
20800    9.100019e-09
21000    7.845418e-09
21200    6.285504e-09
21400    3.867162e-09
21600    1.936650e-09
21800    8.150240e-10
22000    5.268653e-10
22200    3.234323e-10
22400    1.635039e-10
22600    6.109219e-11
22800    3.265478e-11
23000    1.974393e-11
23200    1.699594e-11
23400    1.510484e-11
23600    1.341049e-11
23800    1.291269e-11
24000    1.251813e-11
24200    1.171503e-11
24400    1.029079e-11
24600    7.278522e-12
24800    3.797643e-12
25000    6.688162e-13
25200    5.482286e-14
25400    1.152101e-14
25600    3.483881e-15
25800    2.358672e-15
26000    2.032656e-15
26200    1.978726e-15
26400    1.947632e-15
26600    1.912954e-15
26800    1.859897e-15
27000    1.662652e-15
27200    1.339192e-15
27400    1.154319e-15
27600    1.068930e-15
27800    1.013072e-15
28000    9.895022e-16
28200    9.675689e-16
28400    9.408354e-16
28600    8.875530e-16
28800    7.694552e-16
29000    5.733916e-16
29200    3.797306e-16
29400    1.798137e-16
29600    8.316086e-17
29800    3.692817e-17
30000    2.189250e-17
30200    1.802613e-17
30400    1.528479e-17
30600    1.231598e-17
30800    6.921777e-18
31000    2.907451e-18
31200    7.786229e-19
31400    3.269907e-19
31600    2.780480e-19
31800    2.655138e-19
32000    2.611367e-19
32200    2.547479e-19
32400    2.478457e-19
32600    2.386765e-19
32800    2.224350e-19
33000    2.014699e-19
33200    1.859648e-19
33400    1.657341e-19
33600    1.398312e-19
33800    1.034254e-19
34000    6.707865e-20
34200    1.117658e-20
34206    9.927927e-21

200    3.044555e+05
400    1.913138e+04
600    5.925241e+03
800    1.339294e+03
1000    2.844826e+02
1200    1.371481e+02
1400    4.947693e+01
1600    2.221932e+01
1800    1.961917e+01
2000    1.950541e+01
2200    1.949716e+01
2400    1.949437e+01
2600    1.949184e+01
2800    1.946547e+01
3000    1.938599e+01
3200    1.919761e+01
3400    1.884444e+01
3600    1.850761e+01
3800    1.800282e+01
4000    1.753167e+01
4200    1.706430e+01
4400    1.657648e+01
4600    1.609933e+01
4800    1.572727e+01
5000    1.528081e+01
5200    1.478767e+01
5400    1.435152e+01
5600    1.412151e+01
5800    1.377167e+01
6000    1.343604e+01
6200    1.307954e+01
6400    1.266350e+01
6600    1.237347e+01
6800    1.201508e+01
7000    1.163013e+01
7200    1.128373e+01
7400    1.103190e+01
7600    1.062579e+01
7800    1.021287e+01
8000    9.894352e+00
8200    9.600162e+00
8400    9.296990e+00
8600    8.873795e+00
8800    8.538541e+00
9000    8.133599e+00
9200    7.685312e+00
9400    7.303014e+00
9600    7.010580e+00
9800    6.659138e+00
10000    6.277444e+00
10200    5.883435e+00
10400    5.497893e+00
10600    5.088550e+00
10800    4.666273e+00
11000    4.234395e+00
11200    3.844131e+00
11400    3.525575e+00
11600    3.211939e+00
11800    2.886225e+00
12000    2.755841e+00
12200    2.639266e+00
12400    2.569634e+00
12600    2.489437e+00
12800    2.258888e+00
13000    1.743456e+00
13200    1.453345e+00
13400    1.284490e+00
13600    1.032848e+00
13800    7.010040e-01
14000    5.660179e-01
14200    5.068434e-01
14400    4.832525e-01
14600    4.568691e-01
14800    4.106747e-01
15000    3.633007e-01
15200    3.049176e-01
15400    2.487245e-01
15600    1.992778e-01
15800    1.563367e-01
16000    1.228401e-01
16200    7.238905e-02
16400    4.199186e-02
16600    3.179077e-02
16800    2.904595e-02
17000    2.644711e-02
17200    2.271703e-02
17400    1.792601e-02
17600    1.267216e-02
17800    8.117116e-03
18000    4.585784e-03
18200    1.997426e-03
18400    4.230006e-04
18600    4.661553e-05
18800    8.258513e-06
19000    2.740816e-06
19200    1.743831e-06
19400    1.564938e-06
19600    1.543884e-06
19800    1.531635e-06
20000    1.514411e-06
20200    1.475147e-06
20400    1.404647e-06
20600    1.295383e-06
20800    1.000976e-06
21000    6.069631e-07
21200    2.315655e-07
21400    8.099272e-08
21600    3.964988e-08
21800    3.076649e-08
22000    2.635867e-08
22200    2.506674e-08
22400    2.313832e-08
22600    1.980155e-08
22800    1.509302e-08
23000    1.038034e-08
23200    8.132108e-09
23400    6.841443e-09
23600    4.968117e-09
23800    4.065560e-09
24000    3.591405e-09
24200    3.311688e-09
24400    3.143197e-09
24600    2.663051e-09
24800    2.211649e-09
25000    1.853221e-09
25200    1.119415e-09
25400    7.410710e-10
25600    4.445111e-10
25800    2.390198e-10
26000    1.872203e-10
26200    1.734596e-10
26400    1.693035e-10
26600    1.682285e-10
26800    1.676010e-10
27000    1.659733e-10
27200    1.641372e-10
27400    1.616729e-10
27600    1.573019e-10
27800    1.519149e-10
28000    1.442232e-10
28200    1.344162e-10
28400    1.279605e-10
28600    1.200290e-10
28800    1.075251e-10
29000    9.412618e-11
29200    7.835489e-11
29400    5.734220e-11
29600    4.262320e-11
29800    2.203811e-11
30000    4.755285e-12
30200    4.592127e-13
30400    7.971420e-14
30600    1.686206e-14
30800    5.661989e-15
31000    9.502634e-16
31200    3.053339e-17
31400    2.945575e-18
31600    3.917738e-19
31800    1.628398e-19
32000    1.438266e-19
32200    1.412936e-19
32400    1.402298e-19
32600    1.395673e-19
32800    1.389688e-19
33000    1.378108e-19
33200    1.361170e-19
33400    1.320696e-19
33600    1.268990e-19
33800    1.189686e-19
34000    9.804066e-20
34200    6.710986e-20
34400    4.332931e-20
34600    2.063179e-20
34798    9.801897e-21

200    9.412215e+04
400    3.320267e+03
600    4.613583e+02
800    3.653205e+01
1000    1.639314e+01
1200    1.552727e+01
1400    1.537366e+01
1600    1.530530e+01
1800    1.513155e+01
2000    1.481232e+01
2200    1.449839e+01
2400    1.408759e+01
2600    1.374193e+01
2800    1.343931e+01
3000    1.319471e+01
3200    1.283445e+01
3400    1.235690e+01
3600    1.203914e+01
3800    1.191002e+01
4000    1.182455e+01
4200    1.167643e+01
4400    1.139728e+01
4600    1.111261e+01
4800    1.077779e+01
5000    1.032015e+01
5200    9.971668e+00
5400    9.591223e+00
5600    9.198407e+00
5800    8.817009e+00
6000    8.304661e+00
6200    7.922666e+00
6400    7.498015e+00
6600    7.100171e+00
6800    6.783272e+00
7000    6.490975e+00
7200    6.214464e+00
7400    6.060348e+00
7600    5.769923e+00
7800    5.403207e+00
8000    5.046761e+00
8200    4.779031e+00
8400    4.552990e+00
8600    4.286578e+00
8800    3.965990e+00
9000    3.712834e+00
9200    3.393065e+00
9400    3.243843e+00
9600    3.045931e+00
9800    2.920881e+00
10000    2.641758e+00
10200    2.400877e+00
10400    2.109505e+00
10600    1.821398e+00
10800    1.564820e+00
11000    1.233331e+00
11200    1.001880e+00
11400    7.909440e-01
11600    6.790744e-01
11800    5.521742e-01
12000    4.797317e-01
12200    4.415129e-01
12400    3.911678e-01
12600    3.235816e-01
12800    2.607428e-01
13000    2.142963e-01
13200    1.865956e-01
13400    1.526898e-01
13600    1.176117e-01
13800    8.810551e-02
14000    6.622708e-02
14200    5.332058e-02
14400    4.640537e-02
14600    3.447497e-02
14800    2.001163e-02
15000    7.625815e-03
15200    4.455348e-03
15400    2.868134e-03
15600    1.710447e-03
15800    1.094784e-03
16000    7.696194e-04
16200    5.991827e-04
16400    4.610107e-04
16600    3.808553e-04
16800    2.893358e-04
17000    1.999255e-04
17200    1.731921e-04
17400    1.568955e-04
17600    1.428211e-04
17800    1.226666e-04
18000    8.489622e-05
18200    5.009728e-05
18400    3.611575e-05
18600    3.344578e-05
18800    3.142808e-05
19000    2.672347e-05
19200    2.117206e-05
19400    1.659068e-05
19600    1.432366e-05
19800    1.235169e-05
20000    1.010403e-05
20200    7.640587e-06
20400    4.893908e-06
20600    3.045045e-06
20800    2.108636e-06
21000    1.594664e-06
21200    1.144385e-06
21400    6.655821e-07
21600    3.808591e-07
21800    2.654762e-07
22000    1.619444e-07
22200    6.323946e-08
22400    1.533440e-08
22600    2.415696e-09
22800    1.087360e-09
23000    7.701115e-10
23200    6.413596e-10
23400    5.028749e-10
23600    2.802336e-10
23800    1.154723e-10
24000    3.046060e-11
24200    6.087024e-12
24400    1.109047e-12
24600    7.014900e-13
24800    5.927314e-13
25000    5.686640e-13
25200    5.576770e-13
25400    5.533868e-13
25600    5.481235e-13
25800    5.339810e-13
26000    5.009274e-13
26200    4.288090e-13
26400    3.216710e-13
26600    1.872313e-13
26800    1.404687e-13
27000    1.153864e-13
27200    9.237830e-14
27400    5.942672e-14
27600    1.779096e-14
27800    4.436485e-15
28000    1.780139e-15
28200    9.791337e-16
28400    8.445215e-16
28600    7.195057e-16
28800    4.284807e-16
29000    1.929903e-16
29200    8.705408e-17
29400    4.598692e-17
29600    2.644858e-17
29800    1.392323e-17
30000    8.539690e-18
30200    6.933515e-18
30400    6.532226e-18
30600    6.018181e-18
30800    5.401629e-18
31000    4.411252e-18
31200    4.068823e-18
31400    3.941263e-18
31600    3.829736e-18
31800    3.608942e-18
32000    3.067072e-18
32200    1.804502e-18
32400    6.918598e-19
32600    1.688402e-19
32800    3.293633e-20
33000    1.625472e-20
33200    1.359228e-20
33400    1.334365e-20
33600    1.322330e-20
33800    1.312471e-20
34000    1.291970e-20
34200    1.266402e-20
34400    1.184922e-20
34600    1.077728e-20
34728    9.983664e-21

200    1.426165e+05
400    1.631907e+04
600    5.371685e+03
800    4.198352e+02
1000    9.929205e+01
1200    7.416506e+01
1400    6.373198e+01
1600    4.715555e+01
1800    2.748619e+01
2000    1.704060e+01
2200    1.597627e+01
2400    1.584116e+01
2600    1.575888e+01
2800    1.552026e+01
3000    1.524602e+01
3200    1.472093e+01
3400    1.429642e+01
3600    1.398026e+01
3800    1.341647e+01
4000    1.302784e+01
4200    1.248040e+01
4400    1.210853e+01
4600    1.200267e+01
4800    1.171656e+01
5000    1.129848e+01
5200    1.092018e+01
5400    1.040240e+01
5600    1.016794e+01
5800    9.986019e+00
6000    9.725902e+00
6200    9.345587e+00
6400    8.775691e+00
6600    8.488878e+00
6800    8.242711e+00
7000    7.774839e+00
7200    7.447395e+00
7400    7.153498e+00
7600    6.720242e+00
7800    6.466799e+00
8000    6.221666e+00
8200    5.992866e+00
8400    5.693358e+00
8600    5.237433e+00
8800    4.832768e+00
9000    4.579004e+00
9200    4.229217e+00
9400    3.794643e+00
9600    3.395700e+00
9800    3.061696e+00
10000    2.713895e+00
10200    2.278458e+00
10400    1.969013e+00
10600    1.805280e+00
10800    1.596920e+00
11000    1.323608e+00
11200    1.130514e+00
11400    9.934131e-01
11600    8.365169e-01
11800    6.159417e-01
12000    4.319498e-01
12200    3.024840e-01
12400    2.226978e-01
12600    1.886479e-01
12800    1.464742e-01
13000    9.195635e-02
13200    6.271781e-02
13400    4.400536e-02
13600    2.630759e-02
13800    1.325816e-02
14000    2.540267e-03
14200    2.374569e-04
14400    4.722163e-05
14600    8.613561e-06
14800    2.127903e-06
15000    1.359995e-06
15200    1.113459e-06
15400    1.075191e-06
15600    1.057086e-06
15800    1.032931e-06
16000    1.003564e-06
16200    9.774898e-07
16400    9.667724e-07
16600    9.443915e-07
16800    9.181464e-07
17000    8.648849e-07
17200    7.812217e-07
17400    6.782622e-07
17600    6.051856e-07
17800    5.109875e-07
18000    2.892377e-07
18200    4.919943e-08
18400    6.481171e-09
18600    1.917416e-09
18800    5.376669e-10
19000    1.769789e-10
19200    1.536690e-10
19400    1.345792e-10
19600    9.402310e-11
19800    5.149325e-11
20000    3.344454e-11
20200    1.405794e-11
20400    7.772254e-12
20600    6.944445e-12
20800    6.402806e-12
21000    5.134604e-12
21200    3.272130e-12
21400    2.388070e-12
21600    1.934396e-12
21800    1.551382e-12
22000    1.298687e-12
22200    9.858125e-13
22400    7.834148e-13
22600    6.628418e-13
22800    6.034858e-13
23000    5.535668e-13
23200    5.148350e-13
23400    4.902073e-13
23600    4.651799e-13
23800    4.191747e-13
24000    3.652050e-13
24200    2.826762e-13
24400    1.760639e-13
24600    1.349603e-13
24800    7.784726e-14
25000    4.307330e-14
25200    1.543604e-14
25400    3.946832e-15
25600    2.381957e-15
25800    2.107060e-15
26000    2.076012e-15
26200    2.053996e-15
26400    2.030694e-15
26600    2.009590e-15
26800    1.955292e-15
27000    1.852801e-15
27200    1.478693e-15
27400    9.430303e-16
27600    5.465088e-16
27800    2.891490e-16
28000    1.612749e-16
28200    9.373663e-17
28400    2.991541e-17
28600    1.696157e-17
28800    1.466850e-17
29000    1.388027e-17
29200    1.328879e-17
29400    1.189387e-17
29600    8.309869e-18
29800    5.258855e-18
30000    4.011619e-18
30200    3.723952e-18
30400    3.642228e-18
30600    3.609760e-18
30800    3.583239e-18
31000    3.517149e-18
31200    3.344475e-18
31400    2.967556e-18
31600    2.396181e-18
31800    1.304619e-18
32000    7.250080e-19
32200    4.645874e-19
32400    3.496838e-19
32600    2.397924e-19
32800    1.487870e-19
33000    7.555716e-20
33200    4.920977e-20
33400    1.215206e-20
33416    9.912884e-21

