             Initial Parameters 

Population size : 100
Number of variables : 20
Pool size of kids formed by PCX : 2
Number of parents participating in PCX : 3
Number of parents to be replaced by good kids : 2
Sigma eta : 0.100000
Sigma zeta : 0.100000
Best fitness required : 1.000000e-20
Number of runs desired : 10


             Run Number 1  
Best solution obtained after 29502 function evaluations: 
1.000000e+00, 1.000000e+00, 1.000000e+00, 1.000000e+00, 1.000000e+00, 1.000000e+00, 1.000000e+00, 1.000000e+00, 1.000000e+00, 1.000000e+00, 1.000000e+00, 1.000000e+00, 1.000000e+00, 1.000000e+00, 1.000000e+00, 1.000000e+00, 1.000000e+00, 1.000000e+00, 1.000000e+00, 1.000000e+00, 

Fitness of this best solution: 9.978651e-21


             Run Number 2  
Best solution obtained after 26652 function evaluations: 
-9.932861e-01, 9.966511e-01, 9.983303e-01, 9.991677e-01, 9.995852e-01, 9.997933e-01, 9.998970e-01, 9.999487e-01, 9.999744e-01, 9.999872e-01, 9.999936e-01, 9.999968e-01, 9.999983e-01, 9.999990e-01, 9.999993e-01, 9.999991e-01, 9.999985e-01, 9.999971e-01, 9.999942e-01, 9.999885e-01, 

Fitness of this best solution: 3.986624e+00


             Run Number 3  
Best solution obtained after 23962 function evaluations: 
1.000000e+00, 1.000000e+00, 1.000000e+00, 1.000000e+00, 1.000000e+00, 1.000000e+00, 1.000000e+00, 1.000000e+00, 1.000000e+00, 1.000000e+00, 1.000000e+00, 1.000000e+00, 1.000000e+00, 1.000000e+00, 1.000000e+00, 1.000000e+00, 1.000000e+00, 1.000000e+00, 1.000000e+00, 1.000000e+00, 

Fitness of this best solution: 9.991506e-21


             Run Number 4  
Best solution obtained after 29106 function evaluations: 
1.000000e+00, 1.000000e+00, 1.000000e+00, 1.000000e+00, 1.000000e+00, 1.000000e+00, 1.000000e+00, 1.000000e+00, 1.000000e+00, 1.000000e+00, 1.000000e+00, 1.000000e+00, 1.000000e+00, 1.000000e+00, 1.000000e+00, 1.000000e+00, 1.000000e+00, 1.000000e+00, 1.000000e+00, 1.000000e+00, 

Fitness of this best solution: 9.630170e-21


             Run Number 5  
Best solution obtained after 31526 function evaluations: 
1.000000e+00, 1.000000e+00, 1.000000e+00, 1.000000e+00, 1.000000e+00, 1.000000e+00, 1.000000e+00, 1.000000e+00, 1.000000e+00, 1.000000e+00, 1.000000e+00, 1.000000e+00, 1.000000e+00, 1.000000e+00, 1.000000e+00, 1.000000e+00, 1.000000e+00, 1.000000e+00, 1.000000e+00, 1.000000e+00, 

Fitness of this best solution: 8.729630e-21


             Run Number 6  
Best solution obtained after 25436 function evaluations: 
-9.932861e-01, 9.966511e-01, 9.983303e-01, 9.991677e-01, 9.995852e-01, 9.997933e-01, 9.998970e-01, 9.999487e-01, 9.999744e-01, 9.999872e-01, 9.999936e-01, 9.999968e-01, 9.999983e-01, 9.999990e-01, 9.999993e-01, 9.999991e-01, 9.999985e-01, 9.999972e-01, 9.999944e-01, 9.999888e-01, 

Fitness of this best solution: 3.986624e+00


             Run Number 7  
Best solution obtained after 34208 function evaluations: 
1.000000e+00, 1.000000e+00, 1.000000e+00, 1.000000e+00, 1.000000e+00, 1.000000e+00, 1.000000e+00, 1.000000e+00, 1.000000e+00, 1.000000e+00, 1.000000e+00, 1.000000e+00, 1.000000e+00, 1.000000e+00, 1.000000e+00, 1.000000e+00, 1.000000e+00, 1.000000e+00, 1.000000e+00, 1.000000e+00, 

Fitness of this best solution: 9.927927e-21


             Run Number 8  
Best solution obtained after 34800 function evaluations: 
1.000000e+00, 1.000000e+00, 1.000000e+00, 1.000000e+00, 1.000000e+00, 1.000000e+00, 1.000000e+00, 1.000000e+00, 1.000000e+00, 1.000000e+00, 1.000000e+00, 1.000000e+00, 1.000000e+00, 1.000000e+00, 1.000000e+00, 1.000000e+00, 1.000000e+00, 1.000000e+00, 1.000000e+00, 1.000000e+00, 

Fitness of this best solution: 9.801897e-21


             Run Number 9  
Best solution obtained after 34730 function evaluations: 
1.000000e+00, 1.000000e+00, 1.000000e+00, 1.000000e+00, 1.000000e+00, 1.000000e+00, 1.000000e+00, 1.000000e+00, 1.000000e+00, 1.000000e+00, 1.000000e+00, 1.000000e+00, 1.000000e+00, 1.000000e+00, 1.000000e+00, 1.000000e+00, 1.000000e+00, 1.000000e+00, 1.000000e+00, 1.000000e+00, 

Fitness of this best solution: 9.983664e-21


             Run Number 10  
Best solution obtained after 33418 function evaluations: 
1.000000e+00, 1.000000e+00, 1.000000e+00, 1.000000e+00, 1.000000e+00, 1.000000e+00, 1.000000e+00, 1.000000e+00, 1.000000e+00, 1.000000e+00, 1.000000e+00, 1.000000e+00, 1.000000e+00, 1.000000e+00, 1.000000e+00, 1.000000e+00, 1.000000e+00, 1.000000e+00, 1.000000e+00, 1.000000e+00, 

Fitness of this best solution: 9.912884e-21

